<?xml version="1.0" encoding="UTF-8"?>
<testng-results ignored="0" total="1" passed="1" failed="0" skipped="0">
  <reporter-output>
  </reporter-output>
  <suite started-at="2026-02-03T13:23:34 GMT-06:00" name="Default suite" finished-at="2026-02-03T13:23:42 GMT-06:00" duration-ms="7502">
    <groups>
    </groups>
    <test started-at="2026-02-03T13:23:34 GMT-06:00" name="Default test" finished-at="2026-02-03T13:23:42 GMT-06:00" duration-ms="7502">
      <class name="tutorialninja.register.TC_RF_001">
        <test-method signature="verifyRegisterWithMandatoryFields()[pri:0, instance:tutorialninja.register.TC_RF_001@4135c3b]" started-at="2026-02-03T13:23:34 GMT-06:00" name="verifyRegisterWithMandatoryFields" finished-at="2026-02-03T13:23:42 GMT-06:00" duration-ms="7468" status="PASS">
          <reporter-output>
          </reporter-output>
        </test-method> <!-- verifyRegisterWithMandatoryFields -->
      </class> <!-- tutorialninja.register.TC_RF_001 -->
    </test> <!-- Default test -->
  </suite> <!-- Default suite -->
</testng-results>
